2017-09-22 17:38:36,334 [main] INFO  cronner.jfaster.org.CronnerManager - Starting CronnerManager on localhost with PID 2907 (/Users/fangyanpeng/gitproject/cronner/cronner-manager/target/classes started by fangyanpeng in /Users/fangyanpeng/gitproject/cronner)
2017-09-22 17:38:36,337 [main] INFO  cronner.jfaster.org.CronnerManager - No active profile set, falling back to default profiles: default
2017-09-22 17:38:36,410 [main] INFO  o.s.boot.context.embedded.AnnotationConfigEmbeddedWebApplicationContext - Refreshing org.springframework.boot.context.embedded.AnnotationConfigEmbeddedWebApplicationContext@265adfad: startup date [Fri Sep 22 17:38:36 CST 2017]; root of context hierarchy
2017-09-22 17:38:36,758 [background-preinit] INFO  org.hibernate.validator.internal.util.Version - HV000001: Hibernate Validator 5.3.5.Final
2017-09-22 17:38:37,421 [main] WARN  org.springframework.context.annotation.ConfigurationClassEnhancer - @Bean method MangoAutoConfiguration.autoScanner is non-static and returns an object assignable to Spring's BeanFactoryPostProcessor interface. This will result in a failure to process annotations such as @Autowired, @Resource and @PostConstruct within the method's declaring @Configuration class. Add the 'static' modifier to this method to avoid these container lifecycle issues; see @Bean javadoc for complete details.
2017-09-22 17:38:37,449 [main] INFO  org.jfaster.mango.plugin.spring.MangoDaoScanner - trnas package[cronner.jfaster.org.dao] to locationPattern[classpath*:cronner/jfaster/org/dao/**/*Dao.class]
2017-09-22 17:38:37,449 [main] INFO  org.jfaster.mango.plugin.spring.MangoDaoScanner - trnas package[cronner.jfaster.org.dao] to locationPattern[classpath*:cronner/jfaster/org/dao/**/*DAO.class]
2017-09-22 17:38:37,522 [main] INFO  o.s.context.support.PostProcessorRegistrationDelegate$BeanPostProcessorChecker - Bean 'cronner.jfaster.org.dao.JobDao' of type [cronner.jfaster.org.factory.CronnerDatasourceFactory] is not eligible for getting processed by all BeanPostProcessors (for example: not eligible for auto-proxying)
2017-09-22 17:38:37,524 [main] INFO  o.s.context.support.PostProcessorRegistrationDelegate$BeanPostProcessorChecker - Bean 'cronner.jfaster.org.dao.TaskDao' of type [cronner.jfaster.org.factory.CronnerDatasourceFactory] is not eligible for getting processed by all BeanPostProcessors (for example: not eligible for auto-proxying)
2017-09-22 17:38:37,525 [main] INFO  o.s.context.support.PostProcessorRegistrationDelegate$BeanPostProcessorChecker - Bean 'cronner.jfaster.org.dao.TaskTraceDao' of type [cronner.jfaster.org.factory.CronnerDatasourceFactory] is not eligible for getting processed by all BeanPostProcessors (for example: not eligible for auto-proxying)
2017-09-22 17:38:37,885 [main] INFO  org.springframework.boot.context.embedded.tomcat.TomcatEmbeddedServletContainer - Tomcat initialized with port(s): 8110 (http)
2017-09-22 17:38:37,901 [main] INFO  org.apache.catalina.core.StandardService - Starting service [Tomcat]
2017-09-22 17:38:37,902 [main] INFO  org.apache.catalina.core.StandardEngine - Starting Servlet Engine: Apache Tomcat/8.5.16
2017-09-22 17:38:38,029 [localhost-startStop-1] INFO  org.apache.catalina.core.ContainerBase.[Tomcat].[localhost].[/] - Initializing Spring embedded WebApplicationContext
2017-09-22 17:38:38,029 [localhost-startStop-1] INFO  org.springframework.web.context.ContextLoader - Root WebApplicationContext: initialization completed in 1620 ms
2017-09-22 17:38:38,255 [localhost-startStop-1] INFO  org.springframework.boot.web.servlet.FilterRegistrationBean - Mapping filter: 'characterEncodingFilter' to: [/*]
2017-09-22 17:38:38,256 [localhost-startStop-1] INFO  org.springframework.boot.web.servlet.FilterRegistrationBean - Mapping filter: 'hiddenHttpMethodFilter' to: [/*]
2017-09-22 17:38:38,256 [localhost-startStop-1] INFO  org.springframework.boot.web.servlet.FilterRegistrationBean - Mapping filter: 'httpPutFormContentFilter' to: [/*]
2017-09-22 17:38:38,256 [localhost-startStop-1] INFO  org.springframework.boot.web.servlet.FilterRegistrationBean - Mapping filter: 'requestContextFilter' to: [/*]
2017-09-22 17:38:38,258 [localhost-startStop-1] INFO  org.springframework.boot.web.servlet.DelegatingFilterProxyRegistrationBean - Mapping filter: 'springSecurityFilterChain' to: [/*]
2017-09-22 17:38:38,258 [localhost-startStop-1] INFO  org.springframework.boot.web.servlet.ServletRegistrationBean - Mapping servlet: 'dispatcherServlet' to [/]
2017-09-22 17:38:38,341 [main] INFO  com.zaxxer.hikari.HikariDataSource - HikariPool-1 - Starting...
2017-09-22 17:38:38,594 [main] INFO  com.zaxxer.hikari.HikariDataSource - HikariPool-1 - Start completed.
2017-09-22 17:38:38,603 [main] INFO  org.jfaster.mango.operator.Mango - Initializing operator for TaskDao.updateTaskExcuteInto(TaskExecuteInfo)
2017-09-22 17:38:38,647 [main] INFO  org.jfaster.mango.operator.Mango - Initializing operator for TaskDao.getTaskByParentId(int)
2017-09-22 17:38:38,650 [main] INFO  org.jfaster.mango.operator.Mango - Initializing operator for TaskDao.getTaskCnt(String, Date, Date)
2017-09-22 17:38:38,654 [main] INFO  org.jfaster.mango.operator.Mango - Initializing operator for TaskDao.getTasksByPage(String, Date, Date, int, int)
2017-09-22 17:38:38,655 [main] INFO  org.jfaster.mango.operator.Mango - Initializing operator for TaskDao.addTask(TaskExecuteInfo)
2017-09-22 17:38:38,657 [main] INFO  org.jfaster.mango.operator.Mango - Initializing operator for TaskDao.getTaskFailCause(int)
2017-09-22 17:38:38,735 [main] INFO  org.apache.curator.framework.imps.CuratorFrameworkImpl - Starting
2017-09-22 17:38:38,748 [main] INFO  org.apache.zookeeper.ZooKeeper - Client environment:zookeeper.version=3.4.6-1569965, built on 02/20/2014 09:09 GMT
2017-09-22 17:38:38,748 [main] INFO  org.apache.zookeeper.ZooKeeper - Client environment:host.name=localhost
2017-09-22 17:38:38,748 [main] INFO  org.apache.zookeeper.ZooKeeper - Client environment:java.version=1.8.0_101
2017-09-22 17:38:38,748 [main] INFO  org.apache.zookeeper.ZooKeeper - Client environment:java.vendor=Oracle Corporation
2017-09-22 17:38:38,748 [main] INFO  org.apache.zookeeper.ZooKeeper - Client environment:java.home=/Library/Java/JavaVirtualMachines/jdk1.8.0_101.jdk/Contents/Home/jre
2017-09-22 17:38:38,748 [main] INFO  org.apache.zookeeper.ZooKeeper - Client environment:java.class.path=/Library/Java/JavaVirtualMachines/jdk1.8.0_101.jdk/Contents/Home/jre/lib/charsets.jar:/Library/Java/JavaVirtualMachines/jdk1.8.0_101.jdk/Contents/Home/jre/lib/deploy.jar:/Library/Java/JavaVirtualMachines/jdk1.8.0_101.jdk/Contents/Home/jre/lib/ext/cldrdata.jar:/Library/Java/JavaVirtualMachines/jdk1.8.0_101.jdk/Contents/Home/jre/lib/ext/dnsns.jar:/Library/Java/JavaVirtualMachines/jdk1.8.0_101.jdk/Contents/Home/jre/lib/ext/jaccess.jar:/Library/Java/JavaVirtualMachines/jdk1.8.0_101.jdk/Contents/Home/jre/lib/ext/jfxrt.jar:/Library/Java/JavaVirtualMachines/jdk1.8.0_101.jdk/Contents/Home/jre/lib/ext/localedata.jar:/Library/Java/JavaVirtualMachines/jdk1.8.0_101.jdk/Contents/Home/jre/lib/ext/nashorn.jar:/Library/Java/JavaVirtualMachines/jdk1.8.0_101.jdk/Contents/Home/jre/lib/ext/sunec.jar:/Library/Java/JavaVirtualMachines/jdk1.8.0_101.jdk/Contents/Home/jre/lib/ext/sunjce_provider.jar:/Library/Java/JavaVirtualMachines/jdk1.8.0_101.jdk/Contents/Home/jre/lib/ext/sunpkcs11.jar:/Library/Java/JavaVirtualMachines/jdk1.8.0_101.jdk/Contents/Home/jre/lib/ext/zipfs.jar:/Library/Java/JavaVirtualMachines/jdk1.8.0_101.jdk/Contents/Home/jre/lib/javaws.jar:/Library/Java/JavaVirtualMachines/jdk1.8.0_101.jdk/Contents/Home/jre/lib/jce.jar:/Library/Java/JavaVirtualMachines/jdk1.8.0_101.jdk/Contents/Home/jre/lib/jfr.jar:/Library/Java/JavaVirtualMachines/jdk1.8.0_101.jdk/Contents/Home/jre/lib/jfxswt.jar:/Library/Java/JavaVirtualMachines/jdk1.8.0_101.jdk/Contents/Home/jre/lib/jsse.jar:/Library/Java/JavaVirtualMachines/jdk1.8.0_101.jdk/Contents/Home/jre/lib/management-agent.jar:/Library/Java/JavaVirtualMachines/jdk1.8.0_101.jdk/Contents/Home/jre/lib/plugin.jar:/Library/Java/JavaVirtualMachines/jdk1.8.0_101.jdk/Contents/Home/jre/lib/resources.jar:/Library/Java/JavaVirtualMachines/jdk1.8.0_101.jdk/Contents/Home/jre/lib/rt.jar:/Library/Java/JavaVirtualMachines/jdk1.8.0_101.jdk/Contents/Home/lib/ant-javafx.jar:/Library/Java/JavaVirtualMachines/jdk1.8.0_101.jdk/Contents/Home/lib/dt.jar:/Library/Java/JavaVirtualMachines/jdk1.8.0_101.jdk/Contents/Home/lib/javafx-mx.jar:/Library/Java/JavaVirtualMachines/jdk1.8.0_101.jdk/Contents/Home/lib/jconsole.jar:/Library/Java/JavaVirtualMachines/jdk1.8.0_101.jdk/Contents/Home/lib/packager.jar:/Library/Java/JavaVirtualMachines/jdk1.8.0_101.jdk/Contents/Home/lib/sa-jdi.jar:/Library/Java/JavaVirtualMachines/jdk1.8.0_101.jdk/Contents/Home/lib/tools.jar:/Users/fangyanpeng/gitproject/cronner/cronner-manager/target/classes:/Users/fangyanpeng/opt/maven-repository/junit/junit/4.12/junit-4.12.jar:/Users/fangyanpeng/opt/maven-repository/org/hamcrest/hamcrest-core/1.3/hamcrest-core-1.3.jar:/Users/fangyanpeng/opt/maven-repository/com/zaxxer/HikariCP/2.6.3/HikariCP-2.6.3.jar:/Users/fangyanpeng/opt/maven-repository/org/slf4j/slf4j-api/1.7.7/slf4j-api-1.7.7.jar:/Users/fangyanpeng/gitproject/cronner/spring-boot-starter-zookeeper/target/classes:/Users/fangyanpeng/opt/maven-repository/org/springframework/boot/spring-boot-autoconfigure/1.5.6.RELEASE/spring-boot-autoconfigure-1.5.6.RELEASE.jar:/Users/fangyanpeng/opt/maven-repository/org/springframework/boot/spring-boot/1.5.6.RELEASE/spring-boot-1.5.6.RELEASE.jar:/Users/fangyanpeng/opt/maven-repository/com/google/guava/guava/19.0/guava-19.0.jar:/Users/fangyanpeng/gitproject/cronner/spring-boot-starter-mango/target/classes:/Users/fangyanpeng/opt/maven-repository/org/jfaster/mango/1.5.2/mango-1.5.2.jar:/Users/fangyanpeng/opt/maven-repository/org/projectlombok/lombok/1.16.4/lombok-1.16.4.jar:/Users/fangyanpeng/opt/maven-repository/org/springframework/boot/spring-boot-starter-web/1.5.6.RELEASE/spring-boot-starter-web-1.5.6.RELEASE.jar:/Users/fangyanpeng/opt/maven-repository/org/springframework/boot/spring-boot-starter/1.5.6.RELEASE/spring-boot-starter-1.5.6.RELEASE.jar:/Users/fangyanpeng/opt/maven-repository/org/springframework/boot/spring-boot-starter-logging/1.5.6.RELEASE/spring-boot-starter-logging-1.5.6.RELEASE.jar:/Users/fangyanpeng/opt/maven-repository/org/slf4j/jul-to-slf4j/1.7.7/jul-to-slf4j-1.7.7.jar:/Users/fangyanpeng/opt/maven-repository/org/yaml/snakeyaml/1.17/snakeyaml-1.17.jar:/Users/fangyanpeng/opt/maven-repository/org/springframework/boot/spring-boot-starter-tomcat/1.5.6.RELEASE/spring-boot-starter-tomcat-1.5.6.RELEASE.jar:/Users/fangyanpeng/opt/maven-repository/org/apache/tomcat/embed/tomcat-embed-core/8.5.16/tomcat-embed-core-8.5.16.jar:/Users/fangyanpeng/opt/maven-repository/org/apache/tomcat/embed/tomcat-embed-el/8.5.16/tomcat-embed-el-8.5.16.jar:/Users/fangyanpeng/opt/maven-repository/org/apache/tomcat/embed/tomcat-embed-websocket/8.5.16/tomcat-embed-websocket-8.5.16.jar:/Users/fangyanpeng/opt/maven-repository/org/hibernate/hibernate-validator/5.3.5.Final/hibernate-validator-5.3.5.Final.jar:/Users/fangyanpeng/opt/maven-repository/javax/validation/validation-api/1.1.0.Final/validation-api-1.1.0.Final.jar:/Users/fangyanpeng/opt/maven-repository/org/jboss/logging/jboss-logging/3.3.1.Final/jboss-logging-3.3.1.Final.jar:/Users/fangyanpeng/opt/maven-repository/com/fasterxml/classmate/1.3.3/classmate-1.3.3.jar:/Users/fangyanpeng/opt/maven-repository/com/fasterxml/jackson/core/jackson-databind/2.8.9/jackson-databind-2.8.9.jar:/Users/fangyanpeng/opt/maven-repository/org/springframework/spring-web/4.3.10.RELEASE/spring-web-4.3.10.RELEASE.jar:/Users/fangyanpeng/opt/maven-repository/org/springframework/spring-beans/4.3.10.RELEASE/spring-beans-4.3.10.RELEASE.jar:/Users/fangyanpeng/opt/maven-repository/org/springframework/spring-context/4.3.10.RELEASE/spring-context-4.3.10.RELEASE.jar:/Users/fangyanpeng/opt/maven-repository/org/springframework/spring-webmvc/4.3.10.RELEASE/spring-webmvc-4.3.10.RELEASE.jar:/Users/fangyanpeng/opt/maven-repository/org/springframework/spring-expression/4.3.10.RELEASE/spring-expression-4.3.10.RELEASE.jar:/Users/fangyanpeng/opt/maven-repository/org/springframework/boot/spring-boot-starter-security/1.5.6.RELEASE/spring-boot-starter-security-1.5.6.RELEASE.jar:/Users/fangyanpeng/opt/maven-repository/org/springframework/spring-aop/4.3.10.RELEASE/spring-aop-4.3.10.RELEASE.jar:/Users/fangyanpeng/opt/maven-repository/org/springframework/security/spring-security-config/4.2.3.RELEASE/spring-security-config-4.2.3.RELEASE.jar:/Users/fangyanpeng/opt/maven-repository/org/springframework/security/spring-security-core/4.2.3.RELEASE/spring-security-core-4.2.3.RELEASE.jar:/Users/fangyanpeng/opt/maven-repository/org/springframework/security/spring-security-web/4.2.3.RELEASE/spring-security-web-4.2.3.RELEASE.jar:/Users/fangyanpeng/opt/maven-repository/org/springframework/boot/spring-boot-starter-test/1.5.6.RELEASE/spring-boot-starter-test-1.5.6.RELEASE.jar:/Users/fangyanpeng/opt/maven-repository/org/springframework/boot/spring-boot-test/1.5.6.RELEASE/spring-boot-test-1.5.6.RELEASE.jar:/Users/fangyanpeng/opt/maven-repository/org/springframework/boot/spring-boot-test-autoconfigure/1.5.6.RELEASE/spring-boot-test-autoconfigure-1.5.6.RELEASE.jar:/Users/fangyanpeng/opt/maven-repository/com/jayway/jsonpath/json-path/2.2.0/json-path-2.2.0.jar:/Users/fangyanpeng/opt/maven-repository/net/minidev/json-smart/2.2.1/json-smart-2.2.1.jar:/Users/fangyanpeng/opt/maven-repository/net/minidev/accessors-smart/1.1/accessors-smart-1.1.jar:/Users/fangyanpeng/opt/maven-repository/org/ow2/asm/asm/5.0.3/asm-5.0.3.jar:/Users/fangyanpeng/opt/maven-repository/org/assertj/assertj-core/2.6.0/assertj-core-2.6.0.jar:/Users/fangyanpeng/opt/maven-repository/org/mockito/mockito-core/1.10.19/mockito-core-1.10.19.jar:/Users/fangyanpeng/opt/maven-repository/org/objenesis/objenesis/2.1/objenesis-2.1.jar:/Users/fangyanpeng/opt/maven-repository/org/hamcrest/hamcrest-library/1.3/hamcrest-library-1.3.jar:/Users/fangyanpeng/opt/maven-repository/org/skyscreamer/jsonassert/1.4.0/jsonassert-1.4.0.jar:/Users/fangyanpeng/opt/maven-repository/com/vaadin/external/google/android-json/0.0.20131108.vaadin1/android-json-0.0.20131108.vaadin1.jar:/Users/fangyanpeng/opt/maven-repository/org/springframework/spring-core/4.3.10.RELEASE/spring-core-4.3.10.RELEASE.jar:/Users/fangyanpeng/opt/maven-repository/org/springframework/spring-test/4.3.10.RELEASE/spring-test-4.3.10.RELEASE.jar:/Users/fangyanpeng/opt/maven-repository/mysql/mysql-connector-java/5.1.30/mysql-connector-java-5.1.30.jar:/Users/fangyanpeng/gitproject/cronner/cronner-core/target/classes:/Users/fangyanpeng/opt/maven-repository/com/google/code/gson/gson/2.8.1/gson-2.8.1.jar:/Users/fangyanpeng/opt/maven-repository/org/apache/httpcomponents/httpclient/4.5.3/httpclient-4.5.3.jar:/Users/fangyanpeng/opt/maven-repository/org/apache/httpcomponents/httpcore/4.4.6/httpcore-4.4.6.jar:/Users/fangyanpeng/opt/maven-repository/commons-codec/commons-codec/1.10/commons-codec-1.10.jar:/Users/fangyanpeng/opt/maven-repository/org/apache/commons/commons-lang3/3.4/commons-lang3-3.4.jar:/Users/fangyanpeng/opt/maven-repository/org/apache/commons/commons-exec/1.3/commons-exec-1.3.jar:/Users/fangyanpeng/opt/maven-repository/org/apache/curator/curator-framework/2.10.0/curator-framework-2.10.0.jar:/Users/fangyanpeng/opt/maven-repository/org/apache/curator/curator-client/2.10.0/curator-client-2.10.0.jar:/Users/fangyanpeng/opt/maven-repository/org/apache/zookeeper/zookeeper/3.4.6/zookeeper-3.4.6.jar:/Users/fangyanpeng/opt/maven-repository/log4j/log4j/1.2.16/log4j-1.2.16.jar:/Users/fangyanpeng/opt/maven-repository/jline/jline/0.9.94/jline-0.9.94.jar:/Users/fangyanpeng/opt/maven-repository/io/netty/netty/3.7.0.Final/netty-3.7.0.Final.jar:/Users/fangyanpeng/opt/maven-repository/org/apache/curator/curator-recipes/2.10.0/curator-recipes-2.10.0.jar:/Users/fangyanpeng/opt/maven-repository/org/slf4j/jcl-over-slf4j/1.7.7/jcl-over-slf4j-1.7.7.jar:/Users/fangyanpeng/opt/maven-repository/org/slf4j/log4j-over-slf4j/1.7.7/log4j-over-slf4j-1.7.7.jar:/Users/fangyanpeng/opt/maven-repository/ch/qos/logback/logback-classic/1.1.2/logback-classic-1.1.2.jar:/Users/fangyanpeng/opt/maven-repository/ch/qos/logback/logback-core/1.1.2/logback-core-1.1.2.jar:/Users/fangyanpeng/opt/maven-repository/com/fasterxml/jackson/core/jackson-core/2.8.9/jackson-core-2.8.9.jar:/Users/fangyanpeng/opt/maven-repository/com/fasterxml/jackson/core/jackson-annotations/2.8.0/jackson-annotations-2.8.0.jar:/Users/fangyanpeng/opt/maven-repository/io/netty/netty-all/4.1.6.Final/netty-all-4.1.6.Final.jar:/Users/fangyanpeng/opt/maven-repository/org/quartz-scheduler/quartz/2.2.1/quartz-2.2.1.jar:/Applications/IntelliJ IDEA.app/Contents/lib/idea_rt.jar
2017-09-22 17:38:38,748 [main] INFO  org.apache.zookeeper.ZooKeeper - Client environment:java.library.path=/Users/fangyanpeng/Library/Java/Extensions:/Library/Java/Extensions:/Network/Library/Java/Extensions:/System/Library/Java/Extensions:/usr/lib/java:.
2017-09-22 17:38:38,748 [main] INFO  org.apache.zookeeper.ZooKeeper - Client environment:java.io.tmpdir=/var/folders/b_/y5jlrxyj4bs1yp9bn9dv5n8c0000gn/T/
2017-09-22 17:38:38,748 [main] INFO  org.apache.zookeeper.ZooKeeper - Client environment:java.compiler=<NA>
2017-09-22 17:38:38,748 [main] INFO  org.apache.zookeeper.ZooKeeper - Client environment:os.name=Mac OS X
2017-09-22 17:38:38,748 [main] INFO  org.apache.zookeeper.ZooKeeper - Client environment:os.arch=x86_64
2017-09-22 17:38:38,748 [main] INFO  org.apache.zookeeper.ZooKeeper - Client environment:os.version=10.12.6
2017-09-22 17:38:38,748 [main] INFO  org.apache.zookeeper.ZooKeeper - Client environment:user.name=fangyanpeng
2017-09-22 17:38:38,748 [main] INFO  org.apache.zookeeper.ZooKeeper - Client environment:user.home=/Users/fangyanpeng
2017-09-22 17:38:38,748 [main] INFO  org.apache.zookeeper.ZooKeeper - Client environment:user.dir=/Users/fangyanpeng/gitproject/cronner
2017-09-22 17:38:38,749 [main] INFO  org.apache.zookeeper.ZooKeeper - Initiating client connection, connectString=127.0.0.1:2181,127.0.0.1:2182,127.0.0.1:2183 sessionTimeout=60000 watcher=org.apache.curator.ConnectionState@6c5ddccd
2017-09-22 17:38:38,770 [main-SendThread(127.0.0.1:2183)] INFO  org.apache.zookeeper.ClientCnxn - Opening socket connection to server 127.0.0.1/127.0.0.1:2183. Will not attempt to authenticate using SASL (unknown error)
2017-09-22 17:38:38,789 [main-SendThread(127.0.0.1:2183)] INFO  org.apache.zookeeper.ClientCnxn - Socket connection established to 127.0.0.1/127.0.0.1:2183, initiating session
2017-09-22 17:38:38,796 [main-SendThread(127.0.0.1:2183)] INFO  org.apache.zookeeper.ClientCnxn - Session establishment complete on server 127.0.0.1/127.0.0.1:2183, sessionid = 0x25ea82c46480003, negotiated timeout = 40000
2017-09-22 17:38:38,801 [main-EventThread] INFO  org.apache.curator.framework.state.ConnectionStateManager - State change: CONNECTED
2017-09-22 17:38:38,811 [main] INFO  org.jfaster.mango.operator.Mango - Initializing operator for JobDao.addJob(JobConfig)
2017-09-22 17:38:38,814 [main] INFO  org.jfaster.mango.operator.Mango - Initializing operator for JobDao.updateJob(JobConfig)
2017-09-22 17:38:38,816 [main] INFO  org.jfaster.mango.operator.Mango - Initializing operator for JobDao.getJobById(int)
2017-09-22 17:38:38,817 [main] INFO  org.jfaster.mango.operator.Mango - Initializing operator for JobDao.getJobByName(String)
2017-09-22 17:38:38,817 [main] INFO  org.jfaster.mango.operator.Mango - Initializing operator for JobDao.deleteJob(String)
2017-09-22 17:38:38,818 [main] INFO  org.jfaster.mango.operator.Mango - Initializing operator for JobDao.getJobCnt(String)
2017-09-22 17:38:38,819 [main] INFO  org.jfaster.mango.operator.Mango - Initializing operator for JobDao.getJobByPage(String, int, int)
2017-09-22 17:38:38,821 [main] INFO  org.jfaster.mango.operator.Mango - Initializing operator for JobDao.updateStatus(int, String, Date)
2017-09-22 17:38:38,822 [main] INFO  org.jfaster.mango.operator.Mango - Initializing operator for JobDao.updateSuccessTime(Date, Date, String)
2017-09-22 17:38:38,822 [main] INFO  org.jfaster.mango.operator.Mango - Initializing operator for JobDao.loadJobCnt()
2017-09-22 17:38:38,823 [main] INFO  org.jfaster.mango.operator.Mango - Initializing operator for JobDao.loadJobByPage(int, int)
2017-09-22 17:38:38,850 [main] INFO  org.jfaster.mango.operator.Mango - Initializing operator for TaskTraceDao.addTraceEvent(TaskTraceEvent)
2017-09-22 17:38:38,853 [main] INFO  org.jfaster.mango.operator.Mango - Initializing operator for TaskTraceDao.getTraceEventsByTaskId(int)
2017-09-22 17:38:39,081 [main] INFO  org.springframework.security.web.DefaultSecurityFilterChain - Creating filter chain: Ant [pattern='/**/*.css'], []
2017-09-22 17:38:39,081 [main] INFO  org.springframework.security.web.DefaultSecurityFilterChain - Creating filter chain: Ant [pattern='/**/*.js'], []
2017-09-22 17:38:39,081 [main] INFO  org.springframework.security.web.DefaultSecurityFilterChain - Creating filter chain: Ant [pattern='/**/*.html'], []
2017-09-22 17:38:39,239 [main] INFO  org.springframework.security.web.DefaultSecurityFilterChain - Creating filter chain: org.springframework.security.web.util.matcher.AnyRequestMatcher@1, [org.springframework.security.web.context.request.async.WebAsyncManagerIntegrationFilter@20ead579, org.springframework.security.web.context.SecurityContextPersistenceFilter@3d9f5016, org.springframework.security.web.header.HeaderWriterFilter@7e351d7, org.springframework.security.web.authentication.logout.LogoutFilter@33f17289, org.springframework.security.web.authentication.www.BasicAuthenticationFilter@63f9b562, org.springframework.security.web.savedrequest.RequestCacheAwareFilter@7e91ed74, org.springframework.security.web.servletapi.SecurityContextHolderAwareRequestFilter@4c5a2baf, org.springframework.security.web.authentication.AnonymousAuthenticationFilter@5426cb36, org.springframework.security.web.session.SessionManagementFilter@3850e90c, org.springframework.security.web.access.ExceptionTranslationFilter@46911148, org.springframework.security.web.access.intercept.FilterSecurityInterceptor@220c9a63]
2017-09-22 17:38:39,415 [main] INFO  o.springframework.web.servlet.mvc.method.annotation.RequestMappingHandlerAdapter - Looking for @ControllerAdvice: org.springframework.boot.context.embedded.AnnotationConfigEmbeddedWebApplicationContext@265adfad: startup date [Fri Sep 22 17:38:36 CST 2017]; root of context hierarchy
2017-09-22 17:38:39,483 [main] INFO  o.springframework.web.servlet.mvc.method.annotation.RequestMappingHandlerMapping - Mapped "{[/cluster/add],methods=[PUT]}" onto public cronner.jfaster.org.model.JsonResponse cronner.jfaster.org.api.ClusterApi.addJob(cronner.jfaster.org.model.JobConfiguration)
2017-09-22 17:38:39,486 [main] INFO  o.springframework.web.servlet.mvc.method.annotation.RequestMappingHandlerMapping - Mapped "{[/job/pause],methods=[POST]}" onto public cronner.jfaster.org.model.JsonResponse cronner.jfaster.org.api.JobApi.pauseJob(java.lang.String)
2017-09-22 17:38:39,486 [main] INFO  o.springframework.web.servlet.mvc.method.annotation.RequestMappingHandlerMapping - Mapped "{[/job/exist],methods=[POST]}" onto public cronner.jfaster.org.model.JsonResponse cronner.jfaster.org.api.JobApi.existJob(java.lang.String)
2017-09-22 17:38:39,486 [main] INFO  o.springframework.web.servlet.mvc.method.annotation.RequestMappingHandlerMapping - Mapped "{[/job/add],methods=[PUT]}" onto public cronner.jfaster.org.model.JsonResponse cronner.jfaster.org.api.JobApi.addJob(cronner.jfaster.org.pojo.JobConfig)
2017-09-22 17:38:39,487 [main] INFO  o.springframework.web.servlet.mvc.method.annotation.RequestMappingHandlerMapping - Mapped "{[/job/update],methods=[PUT]}" onto public cronner.jfaster.org.model.JsonResponse cronner.jfaster.org.api.JobApi.updateJob(cronner.jfaster.org.pojo.JobConfig)
2017-09-22 17:38:39,487 [main] INFO  o.springframework.web.servlet.mvc.method.annotation.RequestMappingHandlerMapping - Mapped "{[/job/resume],methods=[POST]}" onto public cronner.jfaster.org.model.JsonResponse cronner.jfaster.org.api.JobApi.resumeJob(java.lang.String)
2017-09-22 17:38:39,487 [main] INFO  o.springframework.web.servlet.mvc.method.annotation.RequestMappingHandlerMapping - Mapped "{[/job/trigger],methods=[POST]}" onto public cronner.jfaster.org.model.JsonResponse cronner.jfaster.org.api.JobApi.triggerJob(java.lang.String)
2017-09-22 17:38:39,487 [main] INFO  o.springframework.web.servlet.mvc.method.annotation.RequestMappingHandlerMapping - Mapped "{[/job/shutdown],methods=[POST]}" onto public cronner.jfaster.org.model.JsonResponse cronner.jfaster.org.api.JobApi.shutdownJob(java.lang.String)
2017-09-22 17:38:39,487 [main] INFO  o.springframework.web.servlet.mvc.method.annotation.RequestMappingHandlerMapping - Mapped "{[/job/get_job_page],methods=[GET]}" onto public cronner.jfaster.org.model.JsonResponse cronner.jfaster.org.api.JobApi.getJobsByPage(java.lang.String,int,int)
2017-09-22 17:38:39,487 [main] INFO  o.springframework.web.servlet.mvc.method.annotation.RequestMappingHandlerMapping - Mapped "{[/job/get_job_by_id],methods=[POST]}" onto public cronner.jfaster.org.model.JsonResponse cronner.jfaster.org.api.JobApi.getJobById(int)
2017-09-22 17:38:39,488 [main] INFO  o.springframework.web.servlet.mvc.method.annotation.RequestMappingHandlerMapping - Mapped "{[/job/get_job_by_name],methods=[POST]}" onto public cronner.jfaster.org.model.JsonResponse cronner.jfaster.org.api.JobApi.getJobByName(java.lang.String)
2017-09-22 17:38:39,488 [main] INFO  o.springframework.web.servlet.mvc.method.annotation.RequestMappingHandlerMapping - Mapped "{[/job/disable],methods=[POST]}" onto public cronner.jfaster.org.model.JsonResponse cronner.jfaster.org.api.JobApi.disableExecuteNode(java.lang.String,java.lang.String)
2017-09-22 17:38:39,488 [main] INFO  o.springframework.web.servlet.mvc.method.annotation.RequestMappingHandlerMapping - Mapped "{[/job/enable],methods=[POST]}" onto public cronner.jfaster.org.model.JsonResponse cronner.jfaster.org.api.JobApi.enableExecuteNode(java.lang.String,java.lang.String)
2017-09-22 17:38:39,488 [main] INFO  o.springframework.web.servlet.mvc.method.annotation.RequestMappingHandlerMapping - Mapped "{[/job/detail/{jobName}],methods=[POST]}" onto public cronner.jfaster.org.model.JsonResponse cronner.jfaster.org.api.JobApi.getDetail(java.lang.String)
2017-09-22 17:38:39,490 [main] INFO  o.springframework.web.servlet.mvc.method.annotation.RequestMappingHandlerMapping - Mapped "{[/]}" onto public java.lang.String cronner.jfaster.org.api.ManagerIndex.index()
2017-09-22 17:38:39,490 [main] INFO  o.springframework.web.servlet.mvc.method.annotation.RequestMappingHandlerMapping - Mapped "{[/error]}" onto public java.lang.String cronner.jfaster.org.api.ManagerIndex.error(javax.servlet.http.HttpServletRequest,javax.servlet.http.HttpServletResponse)
2017-09-22 17:38:39,491 [main] INFO  o.springframework.web.servlet.mvc.method.annotation.RequestMappingHandlerMapping - Mapped "{[/user],methods=[HEAD]}" onto public void cronner.jfaster.org.api.ManagerIndex.getLoginUser(javax.servlet.http.HttpServletResponse)
2017-09-22 17:38:39,493 [main] INFO  o.springframework.web.servlet.mvc.method.annotation.RequestMappingHandlerMapping - Mapped "{[/task/execute_event],methods=[PUT]}" onto public cronner.jfaster.org.model.JsonResponse cronner.jfaster.org.api.TaskApi.executeEvent(cronner.jfaster.org.event.type.JobExecutionEvent)
2017-09-22 17:38:39,493 [main] INFO  o.springframework.web.servlet.mvc.method.annotation.RequestMappingHandlerMapping - Mapped "{[/task/status_event],methods=[PUT]}" onto public cronner.jfaster.org.model.JsonResponse cronner.jfaster.org.api.TaskApi.statusEvent(cronner.jfaster.org.event.type.JobStatusTraceEvent)
2017-09-22 17:38:39,493 [main] INFO  o.springframework.web.servlet.mvc.method.annotation.RequestMappingHandlerMapping - Mapped "{[/task/get_trace_event/{taskId}]}" onto public cronner.jfaster.org.model.JsonResponse cronner.jfaster.org.api.TaskApi.getTraceEvent(int)
2017-09-22 17:38:39,495 [main] INFO  o.springframework.web.servlet.mvc.method.annotation.RequestMappingHandlerMapping - Mapped "{[/task/get_execute_event/{taskId}]}" onto public cronner.jfaster.org.model.JsonResponse cronner.jfaster.org.api.TaskApi.getExecEvent(int)
2017-09-22 17:38:39,496 [main] INFO  o.springframework.web.servlet.mvc.method.annotation.RequestMappingHandlerMapping - Mapped "{[/task/get_execute_event_page],methods=[GET]}" onto public cronner.jfaster.org.model.JsonResponse cronner.jfaster.org.api.TaskApi.getExecEventByPage(java.lang.String,java.lang.String,java.lang.String,int,int)
2017-09-22 17:38:39,524 [main] INFO  org.springframework.web.servlet.handler.SimpleUrlHandlerMapping - Mapped URL path [/webjars/**] onto handler of type [class org.springframework.web.servlet.resource.ResourceHttpRequestHandler]
2017-09-22 17:38:39,524 [main] INFO  org.springframework.web.servlet.handler.SimpleUrlHandlerMapping - Mapped URL path [/**] onto handler of type [class org.springframework.web.servlet.resource.ResourceHttpRequestHandler]
2017-09-22 17:38:39,565 [main] INFO  org.springframework.web.servlet.handler.SimpleUrlHandlerMapping - Mapped URL path [/**/favicon.ico] onto handler of type [class org.springframework.web.servlet.resource.ResourceHttpRequestHandler]
2017-09-22 17:38:39,588 [main] INFO  o.s.boot.autoconfigure.web.WebMvcAutoConfiguration$WelcomePageHandlerMapping - Adding welcome page: class path resource [public/index.html]
2017-09-22 17:38:39,808 [main] INFO  org.springframework.jmx.export.annotation.AnnotationMBeanExporter - Registering beans for JMX exposure on startup
2017-09-22 17:38:39,822 [main] INFO  org.apache.coyote.http11.Http11NioProtocol - Initializing ProtocolHandler ["http-nio-0.0.0.0-8110"]
2017-09-22 17:38:39,833 [main] INFO  org.apache.coyote.http11.Http11NioProtocol - Starting ProtocolHandler ["http-nio-0.0.0.0-8110"]
2017-09-22 17:38:39,836 [main] INFO  org.apache.tomcat.util.net.NioSelectorPool - Using a shared selector for servlet write/read
2017-09-22 17:38:39,852 [main] INFO  org.springframework.boot.context.embedded.tomcat.TomcatEmbeddedServletContainer - Tomcat started on port(s): 8110 (http)
2017-09-22 17:38:39,856 [main] INFO  cronner.jfaster.org.CronnerManager - Started CronnerManager in 4.168 seconds (JVM running for 4.967)
2017-09-22 17:38:39,955 [main] INFO  org.quartz.impl.StdSchedulerFactory - Using default implementation for ThreadExecutor
2017-09-22 17:38:39,971 [main] INFO  org.quartz.core.SchedulerSignalerImpl - Initialized Scheduler Signaller of type: class org.quartz.core.SchedulerSignalerImpl
2017-09-22 17:38:39,972 [main] INFO  org.quartz.core.QuartzScheduler - Quartz Scheduler v.2.2.1 created.
2017-09-22 17:38:39,973 [main] INFO  cronner.jfaster.org.job.schedule.JobShutdownHookPlugin - Registering Quartz shutdown hook.
2017-09-22 17:38:39,974 [main] INFO  org.quartz.simpl.RAMJobStore - RAMJobStore initialized.
2017-09-22 17:38:39,974 [main] INFO  org.quartz.core.QuartzScheduler - Scheduler meta-data: Quartz Scheduler (v2.2.1) 'cronner-simple-job' with instanceId 'NON_CLUSTERED'
  Scheduler class: 'org.quartz.core.QuartzScheduler' - running locally.
  NOT STARTED.
  Currently in standby mode.
  Number of jobs executed: 0
  Using thread pool 'org.quartz.simpl.SimpleThreadPool' - with 1 threads.
  Using job-store 'org.quartz.simpl.RAMJobStore' - which does not support persistence. and is not clustered.

2017-09-22 17:38:39,974 [main] INFO  org.quartz.impl.StdSchedulerFactory - Quartz scheduler 'cronner-simple-job' initialized from an externally provided properties instance.
2017-09-22 17:38:39,974 [main] INFO  org.quartz.impl.StdSchedulerFactory - Quartz scheduler version: 2.2.1
2017-09-22 17:38:40,050 [main] INFO  org.quartz.core.QuartzScheduler - Scheduler cronner-simple-job_$_NON_CLUSTERED started.
2017-09-22 17:38:40,051 [main] INFO  org.quartz.impl.StdSchedulerFactory - Using default implementation for ThreadExecutor
2017-09-22 17:38:40,052 [main] INFO  org.quartz.core.SchedulerSignalerImpl - Initialized Scheduler Signaller of type: class org.quartz.core.SchedulerSignalerImpl
2017-09-22 17:38:40,052 [main] INFO  org.quartz.core.QuartzScheduler - Quartz Scheduler v.2.2.1 created.
2017-09-22 17:38:40,052 [main] INFO  cronner.jfaster.org.job.schedule.JobShutdownHookPlugin - Registering Quartz shutdown hook.
2017-09-22 17:38:40,052 [main] INFO  org.quartz.simpl.RAMJobStore - RAMJobStore initialized.
2017-09-22 17:38:40,052 [main] INFO  org.quartz.core.QuartzScheduler - Scheduler meta-data: Quartz Scheduler (v2.2.1) 'cronner-dataflow-job' with instanceId 'NON_CLUSTERED'
  Scheduler class: 'org.quartz.core.QuartzScheduler' - running locally.
  NOT STARTED.
  Currently in standby mode.
  Number of jobs executed: 0
  Using thread pool 'org.quartz.simpl.SimpleThreadPool' - with 1 threads.
  Using job-store 'org.quartz.simpl.RAMJobStore' - which does not support persistence. and is not clustered.

2017-09-22 17:38:40,052 [main] INFO  org.quartz.impl.StdSchedulerFactory - Quartz scheduler 'cronner-dataflow-job' initialized from an externally provided properties instance.
2017-09-22 17:38:40,052 [main] INFO  org.quartz.impl.StdSchedulerFactory - Quartz scheduler version: 2.2.1
2017-09-22 17:38:40,065 [main] INFO  org.quartz.core.QuartzScheduler - Scheduler cronner-dataflow-job_$_NON_CLUSTERED started.
2017-09-22 17:38:55,066 [Quartz Shutdown-Hook cronner-simple-job] INFO  cronner.jfaster.org.job.schedule.JobShutdownHookPlugin - Shutting down Quartz...
2017-09-22 17:38:55,066 [Quartz Shutdown-Hook cronner-dataflow-job] INFO  cronner.jfaster.org.job.schedule.JobShutdownHookPlugin - Shutting down Quartz...
2017-09-22 17:38:55,066 [Quartz Shutdown-Hook cronner-simple-job] INFO  org.quartz.core.QuartzScheduler - Scheduler cronner-simple-job_$_NON_CLUSTERED shutting down.
2017-09-22 17:38:55,066 [Quartz Shutdown-Hook cronner-dataflow-job] INFO  org.quartz.core.QuartzScheduler - Scheduler cronner-dataflow-job_$_NON_CLUSTERED shutting down.
2017-09-22 17:38:55,066 [Quartz Shutdown-Hook cronner-dataflow-job] INFO  org.quartz.core.QuartzScheduler - Scheduler cronner-dataflow-job_$_NON_CLUSTERED paused.
2017-09-22 17:38:55,066 [Quartz Shutdown-Hook cronner-simple-job] INFO  org.quartz.core.QuartzScheduler - Scheduler cronner-simple-job_$_NON_CLUSTERED paused.
2017-09-22 17:38:55,066 [Thread-5] INFO  o.s.boot.context.embedded.AnnotationConfigEmbeddedWebApplicationContext - Closing org.springframework.boot.context.embedded.AnnotationConfigEmbeddedWebApplicationContext@265adfad: startup date [Fri Sep 22 17:38:36 CST 2017]; root of context hierarchy
2017-09-22 17:38:55,072 [Thread-5] WARN  o.s.boot.context.embedded.AnnotationConfigEmbeddedWebApplicationContext - Exception thrown from ApplicationListener handling ContextClosedEvent
java.lang.NoSuchMethodError: ch.qos.logback.classic.LoggerContext.removeObject(Ljava/lang/String;)V
	at org.springframework.boot.logging.logback.LogbackLoggingSystem.markAsUninitialized(LogbackLoggingSystem.java:308) ~[spring-boot-1.5.6.RELEASE.jar:1.5.6.RELEASE]
	at org.springframework.boot.logging.logback.LogbackLoggingSystem.cleanUp(LogbackLoggingSystem.java:198) ~[spring-boot-1.5.6.RELEASE.jar:1.5.6.RELEASE]
	at org.springframework.boot.logging.LoggingApplicationListener.onContextClosedEvent(LoggingApplicationListener.java:252) ~[spring-boot-1.5.6.RELEASE.jar:1.5.6.RELEASE]
	at org.springframework.boot.logging.LoggingApplicationListener.onApplicationEvent(LoggingApplicationListener.java:220) ~[spring-boot-1.5.6.RELEASE.jar:1.5.6.RELEASE]
	at org.springframework.context.event.SimpleApplicationEventMulticaster.invokeListener(SimpleApplicationEventMulticaster.java:167) ~[spring-context-4.3.10.RELEASE.jar:4.3.10.RELEASE]
	at org.springframework.context.event.SimpleApplicationEventMulticaster.multicastEvent(SimpleApplicationEventMulticaster.java:139) ~[spring-context-4.3.10.RELEASE.jar:4.3.10.RELEASE]
	at org.springframework.context.support.AbstractApplicationContext.publishEvent(AbstractApplicationContext.java:393) ~[spring-context-4.3.10.RELEASE.jar:4.3.10.RELEASE]
	at org.springframework.context.support.AbstractApplicationContext.publishEvent(AbstractApplicationContext.java:347) ~[spring-context-4.3.10.RELEASE.jar:4.3.10.RELEASE]
	at org.springframework.context.support.AbstractApplicationContext.doClose(AbstractApplicationContext.java:991) ~[spring-context-4.3.10.RELEASE.jar:4.3.10.RELEASE]
	at org.springframework.context.support.AbstractApplicationContext$2.run(AbstractApplicationContext.java:929) [spring-context-4.3.10.RELEASE.jar:4.3.10.RELEASE]
2017-09-22 17:38:55,072 [Thread-5] INFO  org.springframework.jmx.export.annotation.AnnotationMBeanExporter - Unregistering JMX-exposed beans on shutdown
2017-09-22 17:38:55,138 [Quartz Shutdown-Hook cronner-dataflow-job] INFO  org.quartz.core.QuartzScheduler - Scheduler cronner-dataflow-job_$_NON_CLUSTERED shutdown complete.
2017-09-22 17:38:55,553 [Quartz Shutdown-Hook cronner-simple-job] INFO  org.quartz.core.QuartzScheduler - Scheduler cronner-simple-job_$_NON_CLUSTERED shutdown complete.
2017-09-22 17:38:55,580 [Curator-Framework-0] INFO  org.apache.curator.framework.imps.CuratorFrameworkImpl - backgroundOperationsLoop exiting
2017-09-22 17:38:55,583 [Thread-5] INFO  org.apache.zookeeper.ZooKeeper - Session: 0x25ea82c46480003 closed
2017-09-22 17:38:55,583 [main-EventThread] INFO  org.apache.zookeeper.ClientCnxn - EventThread shut down
2017-09-22 17:43:49,999 [main] INFO  cronner.jfaster.org.CronnerManager - Starting CronnerManager on localhost with PID 928 (/Users/fangyanpeng/gitproject/cronner/cronner-manager/target/classes started by fangyanpeng in /Users/fangyanpeng/gitproject/cronner)
2017-09-22 17:43:50,007 [main] INFO  cronner.jfaster.org.CronnerManager - No active profile set, falling back to default profiles: default
2017-09-22 17:43:50,148 [main] INFO  o.s.boot.context.embedded.AnnotationConfigEmbeddedWebApplicationContext - Refreshing org.springframework.boot.context.embedded.AnnotationConfigEmbeddedWebApplicationContext@265adfad: startup date [Fri Sep 22 17:43:50 CST 2017]; root of context hierarchy
2017-09-22 17:43:50,509 [background-preinit] INFO  org.hibernate.validator.internal.util.Version - HV000001: Hibernate Validator 5.3.5.Final
2017-09-22 17:43:51,665 [main] WARN  org.springframework.context.annotation.ConfigurationClassEnhancer - @Bean method MangoAutoConfiguration.autoScanner is non-static and returns an object assignable to Spring's BeanFactoryPostProcessor interface. This will result in a failure to process annotations such as @Autowired, @Resource and @PostConstruct within the method's declaring @Configuration class. Add the 'static' modifier to this method to avoid these container lifecycle issues; see @Bean javadoc for complete details.
2017-09-22 17:43:51,691 [main] INFO  org.jfaster.mango.plugin.spring.MangoDaoScanner - trnas package[cronner.jfaster.org.dao] to locationPattern[classpath*:cronner/jfaster/org/dao/**/*Dao.class]
2017-09-22 17:43:51,691 [main] INFO  org.jfaster.mango.plugin.spring.MangoDaoScanner - trnas package[cronner.jfaster.org.dao] to locationPattern[classpath*:cronner/jfaster/org/dao/**/*DAO.class]
2017-09-22 17:43:51,741 [main] INFO  o.s.context.support.PostProcessorRegistrationDelegate$BeanPostProcessorChecker - Bean 'cronner.jfaster.org.dao.JobDao' of type [cronner.jfaster.org.factory.CronnerDatasourceFactory] is not eligible for getting processed by all BeanPostProcessors (for example: not eligible for auto-proxying)
2017-09-22 17:43:51,742 [main] INFO  o.s.context.support.PostProcessorRegistrationDelegate$BeanPostProcessorChecker - Bean 'cronner.jfaster.org.dao.TaskDao' of type [cronner.jfaster.org.factory.CronnerDatasourceFactory] is not eligible for getting processed by all BeanPostProcessors (for example: not eligible for auto-proxying)
2017-09-22 17:43:51,743 [main] INFO  o.s.context.support.PostProcessorRegistrationDelegate$BeanPostProcessorChecker - Bean 'cronner.jfaster.org.dao.TaskTraceDao' of type [cronner.jfaster.org.factory.CronnerDatasourceFactory] is not eligible for getting processed by all BeanPostProcessors (for example: not eligible for auto-proxying)
2017-09-22 17:43:52,172 [main] INFO  org.springframework.boot.context.embedded.tomcat.TomcatEmbeddedServletContainer - Tomcat initialized with port(s): 8110 (http)
2017-09-22 17:43:52,191 [main] INFO  org.apache.catalina.core.StandardService - Starting service [Tomcat]
2017-09-22 17:43:52,193 [main] INFO  org.apache.catalina.core.StandardEngine - Starting Servlet Engine: Apache Tomcat/8.5.16
2017-09-22 17:43:52,323 [localhost-startStop-1] INFO  org.apache.catalina.core.ContainerBase.[Tomcat].[localhost].[/] - Initializing Spring embedded WebApplicationContext
2017-09-22 17:43:52,324 [localhost-startStop-1] INFO  org.springframework.web.context.ContextLoader - Root WebApplicationContext: initialization completed in 2177 ms
2017-09-22 17:43:52,520 [localhost-startStop-1] INFO  org.springframework.boot.web.servlet.FilterRegistrationBean - Mapping filter: 'characterEncodingFilter' to: [/*]
2017-09-22 17:43:52,520 [localhost-startStop-1] INFO  org.springframework.boot.web.servlet.FilterRegistrationBean - Mapping filter: 'hiddenHttpMethodFilter' to: [/*]
2017-09-22 17:43:52,520 [localhost-startStop-1] INFO  org.springframework.boot.web.servlet.FilterRegistrationBean - Mapping filter: 'httpPutFormContentFilter' to: [/*]
2017-09-22 17:43:52,520 [localhost-startStop-1] INFO  org.springframework.boot.web.servlet.FilterRegistrationBean - Mapping filter: 'requestContextFilter' to: [/*]
2017-09-22 17:43:52,522 [localhost-startStop-1] INFO  org.springframework.boot.web.servlet.DelegatingFilterProxyRegistrationBean - Mapping filter: 'springSecurityFilterChain' to: [/*]
2017-09-22 17:43:52,522 [localhost-startStop-1] INFO  org.springframework.boot.web.servlet.ServletRegistrationBean - Mapping servlet: 'dispatcherServlet' to [/]
2017-09-22 17:43:52,588 [main] INFO  com.zaxxer.hikari.HikariDataSource - HikariPool-1 - Starting...
2017-09-22 17:43:52,847 [main] INFO  com.zaxxer.hikari.HikariDataSource - HikariPool-1 - Start completed.
2017-09-22 17:43:52,859 [main] INFO  org.jfaster.mango.operator.Mango - Initializing operator for TaskDao.updateTaskExcuteInto(TaskExecuteInfo)
2017-09-22 17:43:52,908 [main] INFO  org.jfaster.mango.operator.Mango - Initializing operator for TaskDao.getTaskByParentId(int)
2017-09-22 17:43:52,911 [main] INFO  org.jfaster.mango.operator.Mango - Initializing operator for TaskDao.getTaskCnt(String, Date, Date)
2017-09-22 17:43:52,916 [main] INFO  org.jfaster.mango.operator.Mango - Initializing operator for TaskDao.getTasksByPage(String, Date, Date, int, int)
2017-09-22 17:43:52,917 [main] INFO  org.jfaster.mango.operator.Mango - Initializing operator for TaskDao.addTask(TaskExecuteInfo)
2017-09-22 17:43:52,919 [main] INFO  org.jfaster.mango.operator.Mango - Initializing operator for TaskDao.getTaskFailCause(int)
2017-09-22 17:43:53,011 [main] INFO  org.apache.curator.framework.imps.CuratorFrameworkImpl - Starting
2017-09-22 17:43:53,027 [main] INFO  org.apache.zookeeper.ZooKeeper - Client environment:zookeeper.version=3.4.6-1569965, built on 02/20/2014 09:09 GMT
2017-09-22 17:43:53,027 [main] INFO  org.apache.zookeeper.ZooKeeper - Client environment:host.name=localhost
2017-09-22 17:43:53,027 [main] INFO  org.apache.zookeeper.ZooKeeper - Client environment:java.version=1.8.0_101
2017-09-22 17:43:53,027 [main] INFO  org.apache.zookeeper.ZooKeeper - Client environment:java.vendor=Oracle Corporation
2017-09-22 17:43:53,027 [main] INFO  org.apache.zookeeper.ZooKeeper - Client environment:java.home=/Library/Java/JavaVirtualMachines/jdk1.8.0_101.jdk/Contents/Home/jre
2017-09-22 17:43:53,027 [main] INFO  org.apache.zookeeper.ZooKeeper - Client environment:java.class.path=/Library/Java/JavaVirtualMachines/jdk1.8.0_101.jdk/Contents/Home/jre/lib/charsets.jar:/Library/Java/JavaVirtualMachines/jdk1.8.0_101.jdk/Contents/Home/jre/lib/deploy.jar:/Library/Java/JavaVirtualMachines/jdk1.8.0_101.jdk/Contents/Home/jre/lib/ext/cldrdata.jar:/Library/Java/JavaVirtualMachines/jdk1.8.0_101.jdk/Contents/Home/jre/lib/ext/dnsns.jar:/Library/Java/JavaVirtualMachines/jdk1.8.0_101.jdk/Contents/Home/jre/lib/ext/jaccess.jar:/Library/Java/JavaVirtualMachines/jdk1.8.0_101.jdk/Contents/Home/jre/lib/ext/jfxrt.jar:/Library/Java/JavaVirtualMachines/jdk1.8.0_101.jdk/Contents/Home/jre/lib/ext/localedata.jar:/Library/Java/JavaVirtualMachines/jdk1.8.0_101.jdk/Contents/Home/jre/lib/ext/nashorn.jar:/Library/Java/JavaVirtualMachines/jdk1.8.0_101.jdk/Contents/Home/jre/lib/ext/sunec.jar:/Library/Java/JavaVirtualMachines/jdk1.8.0_101.jdk/Contents/Home/jre/lib/ext/sunjce_provider.jar:/Library/Java/JavaVirtualMachines/jdk1.8.0_101.jdk/Contents/Home/jre/lib/ext/sunpkcs11.jar:/Library/Java/JavaVirtualMachines/jdk1.8.0_101.jdk/Contents/Home/jre/lib/ext/zipfs.jar:/Library/Java/JavaVirtualMachines/jdk1.8.0_101.jdk/Contents/Home/jre/lib/javaws.jar:/Library/Java/JavaVirtualMachines/jdk1.8.0_101.jdk/Contents/Home/jre/lib/jce.jar:/Library/Java/JavaVirtualMachines/jdk1.8.0_101.jdk/Contents/Home/jre/lib/jfr.jar:/Library/Java/JavaVirtualMachines/jdk1.8.0_101.jdk/Contents/Home/jre/lib/jfxswt.jar:/Library/Java/JavaVirtualMachines/jdk1.8.0_101.jdk/Contents/Home/jre/lib/jsse.jar:/Library/Java/JavaVirtualMachines/jdk1.8.0_101.jdk/Contents/Home/jre/lib/management-agent.jar:/Library/Java/JavaVirtualMachines/jdk1.8.0_101.jdk/Contents/Home/jre/lib/plugin.jar:/Library/Java/JavaVirtualMachines/jdk1.8.0_101.jdk/Contents/Home/jre/lib/resources.jar:/Library/Java/JavaVirtualMachines/jdk1.8.0_101.jdk/Contents/Home/jre/lib/rt.jar:/Library/Java/JavaVirtualMachines/jdk1.8.0_101.jdk/Contents/Home/lib/ant-javafx.jar:/Library/Java/JavaVirtualMachines/jdk1.8.0_101.jdk/Contents/Home/lib/dt.jar:/Library/Java/JavaVirtualMachines/jdk1.8.0_101.jdk/Contents/Home/lib/javafx-mx.jar:/Library/Java/JavaVirtualMachines/jdk1.8.0_101.jdk/Contents/Home/lib/jconsole.jar:/Library/Java/JavaVirtualMachines/jdk1.8.0_101.jdk/Contents/Home/lib/packager.jar:/Library/Java/JavaVirtualMachines/jdk1.8.0_101.jdk/Contents/Home/lib/sa-jdi.jar:/Library/Java/JavaVirtualMachines/jdk1.8.0_101.jdk/Contents/Home/lib/tools.jar:/Users/fangyanpeng/gitproject/cronner/cronner-manager/target/classes:/Users/fangyanpeng/opt/maven-repository/junit/junit/4.12/junit-4.12.jar:/Users/fangyanpeng/opt/maven-repository/org/hamcrest/hamcrest-core/1.3/hamcrest-core-1.3.jar:/Users/fangyanpeng/opt/maven-repository/com/zaxxer/HikariCP/2.6.3/HikariCP-2.6.3.jar:/Users/fangyanpeng/opt/maven-repository/org/slf4j/slf4j-api/1.7.7/slf4j-api-1.7.7.jar:/Users/fangyanpeng/gitproject/cronner/spring-boot-starter-zookeeper/target/classes:/Users/fangyanpeng/opt/maven-repository/org/springframework/boot/spring-boot-autoconfigure/1.5.6.RELEASE/spring-boot-autoconfigure-1.5.6.RELEASE.jar:/Users/fangyanpeng/opt/maven-repository/org/springframework/boot/spring-boot/1.5.6.RELEASE/spring-boot-1.5.6.RELEASE.jar:/Users/fangyanpeng/opt/maven-repository/com/google/guava/guava/19.0/guava-19.0.jar:/Users/fangyanpeng/gitproject/cronner/spring-boot-starter-mango/target/classes:/Users/fangyanpeng/opt/maven-repository/org/jfaster/mango/1.5.2/mango-1.5.2.jar:/Users/fangyanpeng/opt/maven-repository/org/projectlombok/lombok/1.16.4/lombok-1.16.4.jar:/Users/fangyanpeng/opt/maven-repository/org/springframework/boot/spring-boot-starter-web/1.5.6.RELEASE/spring-boot-starter-web-1.5.6.RELEASE.jar:/Users/fangyanpeng/opt/maven-repository/org/springframework/boot/spring-boot-starter/1.5.6.RELEASE/spring-boot-starter-1.5.6.RELEASE.jar:/Users/fangyanpeng/opt/maven-repository/org/springframework/boot/spring-boot-starter-logging/1.5.6.RELEASE/spring-boot-starter-logging-1.5.6.RELEASE.jar:/Users/fangyanpeng/opt/maven-repository/org/slf4j/jul-to-slf4j/1.7.7/jul-to-slf4j-1.7.7.jar:/Users/fangyanpeng/opt/maven-repository/org/yaml/snakeyaml/1.17/snakeyaml-1.17.jar:/Users/fangyanpeng/opt/maven-repository/org/springframework/boot/spring-boot-starter-tomcat/1.5.6.RELEASE/spring-boot-starter-tomcat-1.5.6.RELEASE.jar:/Users/fangyanpeng/opt/maven-repository/org/apache/tomcat/embed/tomcat-embed-core/8.5.16/tomcat-embed-core-8.5.16.jar:/Users/fangyanpeng/opt/maven-repository/org/apache/tomcat/embed/tomcat-embed-el/8.5.16/tomcat-embed-el-8.5.16.jar:/Users/fangyanpeng/opt/maven-repository/org/apache/tomcat/embed/tomcat-embed-websocket/8.5.16/tomcat-embed-websocket-8.5.16.jar:/Users/fangyanpeng/opt/maven-repository/org/hibernate/hibernate-validator/5.3.5.Final/hibernate-validator-5.3.5.Final.jar:/Users/fangyanpeng/opt/maven-repository/javax/validation/validation-api/1.1.0.Final/validation-api-1.1.0.Final.jar:/Users/fangyanpeng/opt/maven-repository/org/jboss/logging/jboss-logging/3.3.1.Final/jboss-logging-3.3.1.Final.jar:/Users/fangyanpeng/opt/maven-repository/com/fasterxml/classmate/1.3.3/classmate-1.3.3.jar:/Users/fangyanpeng/opt/maven-repository/com/fasterxml/jackson/core/jackson-databind/2.8.9/jackson-databind-2.8.9.jar:/Users/fangyanpeng/opt/maven-repository/org/springframework/spring-web/4.3.10.RELEASE/spring-web-4.3.10.RELEASE.jar:/Users/fangyanpeng/opt/maven-repository/org/springframework/spring-beans/4.3.10.RELEASE/spring-beans-4.3.10.RELEASE.jar:/Users/fangyanpeng/opt/maven-repository/org/springframework/spring-context/4.3.10.RELEASE/spring-context-4.3.10.RELEASE.jar:/Users/fangyanpeng/opt/maven-repository/org/springframework/spring-webmvc/4.3.10.RELEASE/spring-webmvc-4.3.10.RELEASE.jar:/Users/fangyanpeng/opt/maven-repository/org/springframework/spring-expression/4.3.10.RELEASE/spring-expression-4.3.10.RELEASE.jar:/Users/fangyanpeng/opt/maven-repository/org/springframework/boot/spring-boot-starter-security/1.5.6.RELEASE/spring-boot-starter-security-1.5.6.RELEASE.jar:/Users/fangyanpeng/opt/maven-repository/org/springframework/spring-aop/4.3.10.RELEASE/spring-aop-4.3.10.RELEASE.jar:/Users/fangyanpeng/opt/maven-repository/org/springframework/security/spring-security-config/4.2.3.RELEASE/spring-security-config-4.2.3.RELEASE.jar:/Users/fangyanpeng/opt/maven-repository/org/springframework/security/spring-security-core/4.2.3.RELEASE/spring-security-core-4.2.3.RELEASE.jar:/Users/fangyanpeng/opt/maven-repository/org/springframework/security/spring-security-web/4.2.3.RELEASE/spring-security-web-4.2.3.RELEASE.jar:/Users/fangyanpeng/opt/maven-repository/org/springframework/boot/spring-boot-starter-test/1.5.6.RELEASE/spring-boot-starter-test-1.5.6.RELEASE.jar:/Users/fangyanpeng/opt/maven-repository/org/springframework/boot/spring-boot-test/1.5.6.RELEASE/spring-boot-test-1.5.6.RELEASE.jar:/Users/fangyanpeng/opt/maven-repository/org/springframework/boot/spring-boot-test-autoconfigure/1.5.6.RELEASE/spring-boot-test-autoconfigure-1.5.6.RELEASE.jar:/Users/fangyanpeng/opt/maven-repository/com/jayway/jsonpath/json-path/2.2.0/json-path-2.2.0.jar:/Users/fangyanpeng/opt/maven-repository/net/minidev/json-smart/2.2.1/json-smart-2.2.1.jar:/Users/fangyanpeng/opt/maven-repository/net/minidev/accessors-smart/1.1/accessors-smart-1.1.jar:/Users/fangyanpeng/opt/maven-repository/org/ow2/asm/asm/5.0.3/asm-5.0.3.jar:/Users/fangyanpeng/opt/maven-repository/org/assertj/assertj-core/2.6.0/assertj-core-2.6.0.jar:/Users/fangyanpeng/opt/maven-repository/org/mockito/mockito-core/1.10.19/mockito-core-1.10.19.jar:/Users/fangyanpeng/opt/maven-repository/org/objenesis/objenesis/2.1/objenesis-2.1.jar:/Users/fangyanpeng/opt/maven-repository/org/hamcrest/hamcrest-library/1.3/hamcrest-library-1.3.jar:/Users/fangyanpeng/opt/maven-repository/org/skyscreamer/jsonassert/1.4.0/jsonassert-1.4.0.jar:/Users/fangyanpeng/opt/maven-repository/com/vaadin/external/google/android-json/0.0.20131108.vaadin1/android-json-0.0.20131108.vaadin1.jar:/Users/fangyanpeng/opt/maven-repository/org/springframework/spring-core/4.3.10.RELEASE/spring-core-4.3.10.RELEASE.jar:/Users/fangyanpeng/opt/maven-repository/org/springframework/spring-test/4.3.10.RELEASE/spring-test-4.3.10.RELEASE.jar:/Users/fangyanpeng/opt/maven-repository/mysql/mysql-connector-java/5.1.30/mysql-connector-java-5.1.30.jar:/Users/fangyanpeng/gitproject/cronner/cronner-core/target/classes:/Users/fangyanpeng/opt/maven-repository/com/google/code/gson/gson/2.8.1/gson-2.8.1.jar:/Users/fangyanpeng/opt/maven-repository/org/apache/httpcomponents/httpclient/4.5.3/httpclient-4.5.3.jar:/Users/fangyanpeng/opt/maven-repository/org/apache/httpcomponents/httpcore/4.4.6/httpcore-4.4.6.jar:/Users/fangyanpeng/opt/maven-repository/commons-codec/commons-codec/1.10/commons-codec-1.10.jar:/Users/fangyanpeng/opt/maven-repository/org/apache/commons/commons-lang3/3.4/commons-lang3-3.4.jar:/Users/fangyanpeng/opt/maven-repository/org/apache/commons/commons-exec/1.3/commons-exec-1.3.jar:/Users/fangyanpeng/opt/maven-repository/org/apache/curator/curator-framework/2.10.0/curator-framework-2.10.0.jar:/Users/fangyanpeng/opt/maven-repository/org/apache/curator/curator-client/2.10.0/curator-client-2.10.0.jar:/Users/fangyanpeng/opt/maven-repository/org/apache/zookeeper/zookeeper/3.4.6/zookeeper-3.4.6.jar:/Users/fangyanpeng/opt/maven-repository/log4j/log4j/1.2.16/log4j-1.2.16.jar:/Users/fangyanpeng/opt/maven-repository/jline/jline/0.9.94/jline-0.9.94.jar:/Users/fangyanpeng/opt/maven-repository/io/netty/netty/3.7.0.Final/netty-3.7.0.Final.jar:/Users/fangyanpeng/opt/maven-repository/org/apache/curator/curator-recipes/2.10.0/curator-recipes-2.10.0.jar:/Users/fangyanpeng/opt/maven-repository/org/slf4j/jcl-over-slf4j/1.7.7/jcl-over-slf4j-1.7.7.jar:/Users/fangyanpeng/opt/maven-repository/org/slf4j/log4j-over-slf4j/1.7.7/log4j-over-slf4j-1.7.7.jar:/Users/fangyanpeng/opt/maven-repository/ch/qos/logback/logback-classic/1.1.2/logback-classic-1.1.2.jar:/Users/fangyanpeng/opt/maven-repository/ch/qos/logback/logback-core/1.1.2/logback-core-1.1.2.jar:/Users/fangyanpeng/opt/maven-repository/com/fasterxml/jackson/core/jackson-core/2.8.9/jackson-core-2.8.9.jar:/Users/fangyanpeng/opt/maven-repository/com/fasterxml/jackson/core/jackson-annotations/2.8.0/jackson-annotations-2.8.0.jar:/Users/fangyanpeng/opt/maven-repository/io/netty/netty-all/4.1.6.Final/netty-all-4.1.6.Final.jar:/Users/fangyanpeng/opt/maven-repository/org/quartz-scheduler/quartz/2.2.1/quartz-2.2.1.jar:/Applications/IntelliJ IDEA.app/Contents/lib/idea_rt.jar
2017-09-22 17:43:53,027 [main] INFO  org.apache.zookeeper.ZooKeeper - Client environment:java.library.path=/Users/fangyanpeng/Library/Java/Extensions:/Library/Java/Extensions:/Network/Library/Java/Extensions:/System/Library/Java/Extensions:/usr/lib/java:.
2017-09-22 17:43:53,027 [main] INFO  org.apache.zookeeper.ZooKeeper - Client environment:java.io.tmpdir=/var/folders/b_/y5jlrxyj4bs1yp9bn9dv5n8c0000gn/T/
2017-09-22 17:43:53,027 [main] INFO  org.apache.zookeeper.ZooKeeper - Client environment:java.compiler=<NA>
2017-09-22 17:43:53,027 [main] INFO  org.apache.zookeeper.ZooKeeper - Client environment:os.name=Mac OS X
2017-09-22 17:43:53,027 [main] INFO  org.apache.zookeeper.ZooKeeper - Client environment:os.arch=x86_64
2017-09-22 17:43:53,027 [main] INFO  org.apache.zookeeper.ZooKeeper - Client environment:os.version=10.12.6
2017-09-22 17:43:53,027 [main] INFO  org.apache.zookeeper.ZooKeeper - Client environment:user.name=fangyanpeng
2017-09-22 17:43:53,027 [main] INFO  org.apache.zookeeper.ZooKeeper - Client environment:user.home=/Users/fangyanpeng
2017-09-22 17:43:53,027 [main] INFO  org.apache.zookeeper.ZooKeeper - Client environment:user.dir=/Users/fangyanpeng/gitproject/cronner
2017-09-22 17:43:53,028 [main] INFO  org.apache.zookeeper.ZooKeeper - Initiating client connection, connectString=127.0.0.1:2181,127.0.0.1:2182,127.0.0.1:2183 sessionTimeout=60000 watcher=org.apache.curator.ConnectionState@16a9eb2e
2017-09-22 17:43:53,052 [main-SendThread(127.0.0.1:2182)] INFO  org.apache.zookeeper.ClientCnxn - Opening socket connection to server 127.0.0.1/127.0.0.1:2182. Will not attempt to authenticate using SASL (unknown error)
2017-09-22 17:43:53,072 [main-SendThread(127.0.0.1:2182)] INFO  org.apache.zookeeper.ClientCnxn - Socket connection established to 127.0.0.1/127.0.0.1:2182, initiating session
2017-09-22 17:43:53,148 [main-SendThread(127.0.0.1:2182)] INFO  org.apache.zookeeper.ClientCnxn - Session establishment complete on server 127.0.0.1/127.0.0.1:2182, sessionid = 0x15ea8f6db210000, negotiated timeout = 40000
2017-09-22 17:43:53,155 [main-EventThread] INFO  org.apache.curator.framework.state.ConnectionStateManager - State change: CONNECTED
2017-09-22 17:43:53,164 [main] INFO  org.jfaster.mango.operator.Mango - Initializing operator for JobDao.updateSuccessTime(Date, Date, String)
2017-09-22 17:43:53,165 [main] INFO  org.jfaster.mango.operator.Mango - Initializing operator for JobDao.loadJobCnt()
2017-09-22 17:43:53,165 [main] INFO  org.jfaster.mango.operator.Mango - Initializing operator for JobDao.loadJobByPage(int, int)
2017-09-22 17:43:53,167 [main] INFO  org.jfaster.mango.operator.Mango - Initializing operator for JobDao.updateStatus(int, String, Date)
2017-09-22 17:43:53,168 [main] INFO  org.jfaster.mango.operator.Mango - Initializing operator for JobDao.addJob(JobConfig)
2017-09-22 17:43:53,172 [main] INFO  org.jfaster.mango.operator.Mango - Initializing operator for JobDao.updateJob(JobConfig)
2017-09-22 17:43:53,173 [main] INFO  org.jfaster.mango.operator.Mango - Initializing operator for JobDao.getJobById(int)
2017-09-22 17:43:53,174 [main] INFO  org.jfaster.mango.operator.Mango - Initializing operator for JobDao.getJobByName(String)
2017-09-22 17:43:53,175 [main] INFO  org.jfaster.mango.operator.Mango - Initializing operator for JobDao.deleteJob(String)
2017-09-22 17:43:53,175 [main] INFO  org.jfaster.mango.operator.Mango - Initializing operator for JobDao.getJobCnt(String)
2017-09-22 17:43:53,176 [main] INFO  org.jfaster.mango.operator.Mango - Initializing operator for JobDao.getJobByPage(String, int, int)
2017-09-22 17:43:53,200 [main] INFO  org.jfaster.mango.operator.Mango - Initializing operator for TaskTraceDao.addTraceEvent(TaskTraceEvent)
2017-09-22 17:43:53,202 [main] INFO  org.jfaster.mango.operator.Mango - Initializing operator for TaskTraceDao.getTraceEventsByTaskId(int)
2017-09-22 17:43:53,445 [main] INFO  org.springframework.security.web.DefaultSecurityFilterChain - Creating filter chain: Ant [pattern='/**/*.css'], []
2017-09-22 17:43:53,445 [main] INFO  org.springframework.security.web.DefaultSecurityFilterChain - Creating filter chain: Ant [pattern='/**/*.js'], []
2017-09-22 17:43:53,445 [main] INFO  org.springframework.security.web.DefaultSecurityFilterChain - Creating filter chain: Ant [pattern='/**/*.html'], []
2017-09-22 17:43:53,598 [main] INFO  org.springframework.security.web.DefaultSecurityFilterChain - Creating filter chain: org.springframework.security.web.util.matcher.AnyRequestMatcher@1, [org.springframework.security.web.context.request.async.WebAsyncManagerIntegrationFilter@297c9a9b, org.springframework.security.web.context.SecurityContextPersistenceFilter@55fdf7f9, org.springframework.security.web.header.HeaderWriterFilter@21bd128b, org.springframework.security.web.authentication.logout.LogoutFilter@1ec22831, org.springframework.security.web.authentication.www.BasicAuthenticationFilter@76cf841, org.springframework.security.web.savedrequest.RequestCacheAwareFilter@4091b9c3, org.springframework.security.web.servletapi.SecurityContextHolderAwareRequestFilter@39c85c1a, org.springframework.security.web.authentication.AnonymousAuthenticationFilter@20999517, org.springframework.security.web.session.SessionManagementFilter@5c887052, org.springframework.security.web.access.ExceptionTranslationFilter@20580d4e, org.springframework.security.web.access.intercept.FilterSecurityInterceptor@66a53104]
2017-09-22 17:43:53,761 [main] INFO  o.springframework.web.servlet.mvc.method.annotation.RequestMappingHandlerAdapter - Looking for @ControllerAdvice: org.springframework.boot.context.embedded.AnnotationConfigEmbeddedWebApplicationContext@265adfad: startup date [Fri Sep 22 17:43:50 CST 2017]; root of context hierarchy
2017-09-22 17:43:53,830 [main] INFO  o.springframework.web.servlet.mvc.method.annotation.RequestMappingHandlerMapping - Mapped "{[/cluster/add],methods=[PUT]}" onto public cronner.jfaster.org.model.JsonResponse cronner.jfaster.org.api.ClusterApi.addJob(cronner.jfaster.org.model.JobConfiguration)
2017-09-22 17:43:53,836 [main] INFO  o.springframework.web.servlet.mvc.method.annotation.RequestMappingHandlerMapping - Mapped "{[/job/pause],methods=[POST]}" onto public cronner.jfaster.org.model.JsonResponse cronner.jfaster.org.api.JobApi.pauseJob(java.lang.String)
2017-09-22 17:43:53,836 [main] INFO  o.springframework.web.servlet.mvc.method.annotation.RequestMappingHandlerMapping - Mapped "{[/job/exist],methods=[POST]}" onto public cronner.jfaster.org.model.JsonResponse cronner.jfaster.org.api.JobApi.existJob(java.lang.String)
2017-09-22 17:43:53,836 [main] INFO  o.springframework.web.servlet.mvc.method.annotation.RequestMappingHandlerMapping - Mapped "{[/job/add],methods=[PUT]}" onto public cronner.jfaster.org.model.JsonResponse cronner.jfaster.org.api.JobApi.addJob(cronner.jfaster.org.pojo.JobConfig)
2017-09-22 17:43:53,836 [main] INFO  o.springframework.web.servlet.mvc.method.annotation.RequestMappingHandlerMapping - Mapped "{[/job/update],methods=[PUT]}" onto public cronner.jfaster.org.model.JsonResponse cronner.jfaster.org.api.JobApi.updateJob(cronner.jfaster.org.pojo.JobConfig)
2017-09-22 17:43:53,836 [main] INFO  o.springframework.web.servlet.mvc.method.annotation.RequestMappingHandlerMapping - Mapped "{[/job/resume],methods=[POST]}" onto public cronner.jfaster.org.model.JsonResponse cronner.jfaster.org.api.JobApi.resumeJob(java.lang.String)
2017-09-22 17:43:53,836 [main] INFO  o.springframework.web.servlet.mvc.method.annotation.RequestMappingHandlerMapping - Mapped "{[/job/trigger],methods=[POST]}" onto public cronner.jfaster.org.model.JsonResponse cronner.jfaster.org.api.JobApi.triggerJob(java.lang.String)
2017-09-22 17:43:53,836 [main] INFO  o.springframework.web.servlet.mvc.method.annotation.RequestMappingHandlerMapping - Mapped "{[/job/shutdown],methods=[POST]}" onto public cronner.jfaster.org.model.JsonResponse cronner.jfaster.org.api.JobApi.shutdownJob(java.lang.String)
2017-09-22 17:43:53,837 [main] INFO  o.springframework.web.servlet.mvc.method.annotation.RequestMappingHandlerMapping - Mapped "{[/job/get_job_page],methods=[GET]}" onto public cronner.jfaster.org.model.JsonResponse cronner.jfaster.org.api.JobApi.getJobsByPage(java.lang.String,int,int)
2017-09-22 17:43:53,837 [main] INFO  o.springframework.web.servlet.mvc.method.annotation.RequestMappingHandlerMapping - Mapped "{[/job/get_job_by_id],methods=[POST]}" onto public cronner.jfaster.org.model.JsonResponse cronner.jfaster.org.api.JobApi.getJobById(int)
2017-09-22 17:43:53,837 [main] INFO  o.springframework.web.servlet.mvc.method.annotation.RequestMappingHandlerMapping - Mapped "{[/job/get_job_by_name],methods=[POST]}" onto public cronner.jfaster.org.model.JsonResponse cronner.jfaster.org.api.JobApi.getJobByName(java.lang.String)
2017-09-22 17:43:53,837 [main] INFO  o.springframework.web.servlet.mvc.method.annotation.RequestMappingHandlerMapping - Mapped "{[/job/disable],methods=[POST]}" onto public cronner.jfaster.org.model.JsonResponse cronner.jfaster.org.api.JobApi.disableExecuteNode(java.lang.String,java.lang.String)
2017-09-22 17:43:53,837 [main] INFO  o.springframework.web.servlet.mvc.method.annotation.RequestMappingHandlerMapping - Mapped "{[/job/enable],methods=[POST]}" onto public cronner.jfaster.org.model.JsonResponse cronner.jfaster.org.api.JobApi.enableExecuteNode(java.lang.String,java.lang.String)
2017-09-22 17:43:53,837 [main] INFO  o.springframework.web.servlet.mvc.method.annotation.RequestMappingHandlerMapping - Mapped "{[/job/detail/{jobName}],methods=[POST]}" onto public cronner.jfaster.org.model.JsonResponse cronner.jfaster.org.api.JobApi.getDetail(java.lang.String)
2017-09-22 17:43:53,839 [main] INFO  o.springframework.web.servlet.mvc.method.annotation.RequestMappingHandlerMapping - Mapped "{[/]}" onto public java.lang.String cronner.jfaster.org.api.ManagerIndex.index()
2017-09-22 17:43:53,839 [main] INFO  o.springframework.web.servlet.mvc.method.annotation.RequestMappingHandlerMapping - Mapped "{[/error]}" onto public java.lang.String cronner.jfaster.org.api.ManagerIndex.error(javax.servlet.http.HttpServletRequest,javax.servlet.http.HttpServletResponse)
2017-09-22 17:43:53,840 [main] INFO  o.springframework.web.servlet.mvc.method.annotation.RequestMappingHandlerMapping - Mapped "{[/user],methods=[HEAD]}" onto public void cronner.jfaster.org.api.ManagerIndex.getLoginUser(javax.servlet.http.HttpServletResponse)
2017-09-22 17:43:53,842 [main] INFO  o.springframework.web.servlet.mvc.method.annotation.RequestMappingHandlerMapping - Mapped "{[/task/execute_event],methods=[PUT]}" onto public cronner.jfaster.org.model.JsonResponse cronner.jfaster.org.api.TaskApi.executeEvent(cronner.jfaster.org.event.type.JobExecutionEvent)
2017-09-22 17:43:53,842 [main] INFO  o.springframework.web.servlet.mvc.method.annotation.RequestMappingHandlerMapping - Mapped "{[/task/status_event],methods=[PUT]}" onto public cronner.jfaster.org.model.JsonResponse cronner.jfaster.org.api.TaskApi.statusEvent(cronner.jfaster.org.event.type.JobStatusTraceEvent)
2017-09-22 17:43:53,842 [main] INFO  o.springframework.web.servlet.mvc.method.annotation.RequestMappingHandlerMapping - Mapped "{[/task/get_trace_event/{taskId}]}" onto public cronner.jfaster.org.model.JsonResponse cronner.jfaster.org.api.TaskApi.getTraceEvent(int)
2017-09-22 17:43:53,842 [main] INFO  o.springframework.web.servlet.mvc.method.annotation.RequestMappingHandlerMapping - Mapped "{[/task/get_execute_event/{taskId}]}" onto public cronner.jfaster.org.model.JsonResponse cronner.jfaster.org.api.TaskApi.getExecEvent(int)
2017-09-22 17:43:53,843 [main] INFO  o.springframework.web.servlet.mvc.method.annotation.RequestMappingHandlerMapping - Mapped "{[/task/get_execute_event_page],methods=[GET]}" onto public cronner.jfaster.org.model.JsonResponse cronner.jfaster.org.api.TaskApi.getExecEventByPage(java.lang.String,java.lang.String,java.lang.String,int,int)
2017-09-22 17:43:53,871 [main] INFO  org.springframework.web.servlet.handler.SimpleUrlHandlerMapping - Mapped URL path [/webjars/**] onto handler of type [class org.springframework.web.servlet.resource.ResourceHttpRequestHandler]
2017-09-22 17:43:53,871 [main] INFO  org.springframework.web.servlet.handler.SimpleUrlHandlerMapping - Mapped URL path [/**] onto handler of type [class org.springframework.web.servlet.resource.ResourceHttpRequestHandler]
2017-09-22 17:43:53,905 [main] INFO  org.springframework.web.servlet.handler.SimpleUrlHandlerMapping - Mapped URL path [/**/favicon.ico] onto handler of type [class org.springframework.web.servlet.resource.ResourceHttpRequestHandler]
2017-09-22 17:43:53,931 [main] INFO  o.s.boot.autoconfigure.web.WebMvcAutoConfiguration$WelcomePageHandlerMapping - Adding welcome page: class path resource [public/index.html]
2017-09-22 17:43:54,174 [main] INFO  org.springframework.jmx.export.annotation.AnnotationMBeanExporter - Registering beans for JMX exposure on startup
2017-09-22 17:43:54,197 [main] INFO  org.apache.coyote.http11.Http11NioProtocol - Initializing ProtocolHandler ["http-nio-0.0.0.0-8110"]
2017-09-22 17:43:54,209 [main] INFO  org.apache.coyote.http11.Http11NioProtocol - Starting ProtocolHandler ["http-nio-0.0.0.0-8110"]
2017-09-22 17:43:54,212 [main] INFO  org.apache.tomcat.util.net.NioSelectorPool - Using a shared selector for servlet write/read
2017-09-22 17:43:54,228 [main] INFO  org.springframework.boot.context.embedded.tomcat.TomcatEmbeddedServletContainer - Tomcat started on port(s): 8110 (http)
2017-09-22 17:43:54,232 [main] INFO  cronner.jfaster.org.CronnerManager - Started CronnerManager in 4.928 seconds (JVM running for 6.382)
2017-09-22 17:43:54,367 [main] INFO  org.quartz.impl.StdSchedulerFactory - Using default implementation for ThreadExecutor
2017-09-22 17:43:54,386 [main] INFO  org.quartz.core.SchedulerSignalerImpl - Initialized Scheduler Signaller of type: class org.quartz.core.SchedulerSignalerImpl
2017-09-22 17:43:54,388 [main] INFO  org.quartz.core.QuartzScheduler - Quartz Scheduler v.2.2.1 created.
2017-09-22 17:43:54,389 [main] INFO  cronner.jfaster.org.job.schedule.JobShutdownHookPlugin - Registering Quartz shutdown hook.
2017-09-22 17:43:54,389 [main] INFO  org.quartz.simpl.RAMJobStore - RAMJobStore initialized.
2017-09-22 17:43:54,390 [main] INFO  org.quartz.core.QuartzScheduler - Scheduler meta-data: Quartz Scheduler (v2.2.1) 'cronner-simple-job' with instanceId 'NON_CLUSTERED'
  Scheduler class: 'org.quartz.core.QuartzScheduler' - running locally.
  NOT STARTED.
  Currently in standby mode.
  Number of jobs executed: 0
  Using thread pool 'org.quartz.simpl.SimpleThreadPool' - with 1 threads.
  Using job-store 'org.quartz.simpl.RAMJobStore' - which does not support persistence. and is not clustered.

2017-09-22 17:43:54,390 [main] INFO  org.quartz.impl.StdSchedulerFactory - Quartz scheduler 'cronner-simple-job' initialized from an externally provided properties instance.
2017-09-22 17:43:54,390 [main] INFO  org.quartz.impl.StdSchedulerFactory - Quartz scheduler version: 2.2.1
2017-09-22 17:43:54,513 [main] INFO  org.quartz.core.QuartzScheduler - Scheduler cronner-simple-job_$_NON_CLUSTERED started.
2017-09-22 17:43:54,517 [main] INFO  org.quartz.impl.StdSchedulerFactory - Using default implementation for ThreadExecutor
2017-09-22 17:43:54,518 [main] INFO  org.quartz.core.SchedulerSignalerImpl - Initialized Scheduler Signaller of type: class org.quartz.core.SchedulerSignalerImpl
2017-09-22 17:43:54,518 [main] INFO  org.quartz.core.QuartzScheduler - Quartz Scheduler v.2.2.1 created.
2017-09-22 17:43:54,518 [main] INFO  cronner.jfaster.org.job.schedule.JobShutdownHookPlugin - Registering Quartz shutdown hook.
2017-09-22 17:43:54,519 [main] INFO  org.quartz.simpl.RAMJobStore - RAMJobStore initialized.
2017-09-22 17:43:54,519 [main] INFO  org.quartz.core.QuartzScheduler - Scheduler meta-data: Quartz Scheduler (v2.2.1) 'cronner-dataflow-job' with instanceId 'NON_CLUSTERED'
  Scheduler class: 'org.quartz.core.QuartzScheduler' - running locally.
  NOT STARTED.
  Currently in standby mode.
  Number of jobs executed: 0
  Using thread pool 'org.quartz.simpl.SimpleThreadPool' - with 1 threads.
  Using job-store 'org.quartz.simpl.RAMJobStore' - which does not support persistence. and is not clustered.

2017-09-22 17:43:54,519 [main] INFO  org.quartz.impl.StdSchedulerFactory - Quartz scheduler 'cronner-dataflow-job' initialized from an externally provided properties instance.
2017-09-22 17:43:54,519 [main] INFO  org.quartz.impl.StdSchedulerFactory - Quartz scheduler version: 2.2.1
2017-09-22 17:43:54,554 [main] INFO  org.quartz.core.QuartzScheduler - Scheduler cronner-dataflow-job_$_NON_CLUSTERED started.
2017-09-22 17:44:13,460 [http-nio-0.0.0.0-8110-exec-1] INFO  org.apache.catalina.core.ContainerBase.[Tomcat].[localhost].[/] - Initializing Spring FrameworkServlet 'dispatcherServlet'
2017-09-22 17:44:13,461 [http-nio-0.0.0.0-8110-exec-1] INFO  org.springframework.web.servlet.DispatcherServlet - FrameworkServlet 'dispatcherServlet': initialization started
2017-09-22 17:44:13,475 [http-nio-0.0.0.0-8110-exec-1] INFO  org.springframework.web.servlet.DispatcherServlet - FrameworkServlet 'dispatcherServlet': initialization completed in 14 ms
2017-09-22 18:07:20,012 [Quartz Shutdown-Hook cronner-dataflow-job] INFO  cronner.jfaster.org.job.schedule.JobShutdownHookPlugin - Shutting down Quartz...
2017-09-22 18:07:20,012 [Quartz Shutdown-Hook cronner-simple-job] INFO  cronner.jfaster.org.job.schedule.JobShutdownHookPlugin - Shutting down Quartz...
2017-09-22 18:07:20,012 [Quartz Shutdown-Hook cronner-dataflow-job] INFO  org.quartz.core.QuartzScheduler - Scheduler cronner-dataflow-job_$_NON_CLUSTERED shutting down.
2017-09-22 18:07:20,012 [Quartz Shutdown-Hook cronner-simple-job] INFO  org.quartz.core.QuartzScheduler - Scheduler cronner-simple-job_$_NON_CLUSTERED shutting down.
2017-09-22 18:07:20,012 [Quartz Shutdown-Hook cronner-dataflow-job] INFO  org.quartz.core.QuartzScheduler - Scheduler cronner-dataflow-job_$_NON_CLUSTERED paused.
2017-09-22 18:07:20,012 [Quartz Shutdown-Hook cronner-simple-job] INFO  org.quartz.core.QuartzScheduler - Scheduler cronner-simple-job_$_NON_CLUSTERED paused.
2017-09-22 18:07:20,013 [Thread-5] INFO  o.s.boot.context.embedded.AnnotationConfigEmbeddedWebApplicationContext - Closing org.springframework.boot.context.embedded.AnnotationConfigEmbeddedWebApplicationContext@265adfad: startup date [Fri Sep 22 17:43:50 CST 2017]; root of context hierarchy
2017-09-22 18:07:20,018 [Thread-5] WARN  o.s.boot.context.embedded.AnnotationConfigEmbeddedWebApplicationContext - Exception thrown from ApplicationListener handling ContextClosedEvent
java.lang.NoSuchMethodError: ch.qos.logback.classic.LoggerContext.removeObject(Ljava/lang/String;)V
	at org.springframework.boot.logging.logback.LogbackLoggingSystem.markAsUninitialized(LogbackLoggingSystem.java:308) ~[spring-boot-1.5.6.RELEASE.jar:1.5.6.RELEASE]
	at org.springframework.boot.logging.logback.LogbackLoggingSystem.cleanUp(LogbackLoggingSystem.java:198) ~[spring-boot-1.5.6.RELEASE.jar:1.5.6.RELEASE]
	at org.springframework.boot.logging.LoggingApplicationListener.onContextClosedEvent(LoggingApplicationListener.java:252) ~[spring-boot-1.5.6.RELEASE.jar:1.5.6.RELEASE]
	at org.springframework.boot.logging.LoggingApplicationListener.onApplicationEvent(LoggingApplicationListener.java:220) ~[spring-boot-1.5.6.RELEASE.jar:1.5.6.RELEASE]
	at org.springframework.context.event.SimpleApplicationEventMulticaster.invokeListener(SimpleApplicationEventMulticaster.java:167) ~[spring-context-4.3.10.RELEASE.jar:4.3.10.RELEASE]
	at org.springframework.context.event.SimpleApplicationEventMulticaster.multicastEvent(SimpleApplicationEventMulticaster.java:139) ~[spring-context-4.3.10.RELEASE.jar:4.3.10.RELEASE]
	at org.springframework.context.support.AbstractApplicationContext.publishEvent(AbstractApplicationContext.java:393) ~[spring-context-4.3.10.RELEASE.jar:4.3.10.RELEASE]
	at org.springframework.context.support.AbstractApplicationContext.publishEvent(AbstractApplicationContext.java:347) ~[spring-context-4.3.10.RELEASE.jar:4.3.10.RELEASE]
	at org.springframework.context.support.AbstractApplicationContext.doClose(AbstractApplicationContext.java:991) ~[spring-context-4.3.10.RELEASE.jar:4.3.10.RELEASE]
	at org.springframework.context.support.AbstractApplicationContext$2.run(AbstractApplicationContext.java:929) [spring-context-4.3.10.RELEASE.jar:4.3.10.RELEASE]
2017-09-22 18:07:20,019 [Thread-5] INFO  org.springframework.jmx.export.annotation.AnnotationMBeanExporter - Unregistering JMX-exposed beans on shutdown
2017-09-22 18:07:20,124 [Quartz Shutdown-Hook cronner-simple-job] INFO  org.quartz.core.QuartzScheduler - Scheduler cronner-simple-job_$_NON_CLUSTERED shutdown complete.
2017-09-22 18:07:20,405 [Quartz Shutdown-Hook cronner-dataflow-job] INFO  org.quartz.core.QuartzScheduler - Scheduler cronner-dataflow-job_$_NON_CLUSTERED shutdown complete.
2017-09-22 18:07:20,528 [Curator-Framework-0] INFO  org.apache.curator.framework.imps.CuratorFrameworkImpl - backgroundOperationsLoop exiting
2017-09-22 18:07:20,530 [Thread-5] INFO  org.apache.zookeeper.ZooKeeper - Session: 0x15ea8f6db210000 closed
2017-09-22 18:07:20,530 [main-EventThread] INFO  org.apache.zookeeper.ClientCnxn - EventThread shut down
